<?xml version="1.0" encoding="UTF-8"?>
<!-- Generated by org.testng.reporters.JUnitReportReporter -->
<testsuite hostname="DESKTOP-GA7M1FM" name="com.example.demo.TestConfiguration" tests="2" failures="0" timestamp="6 Jun 2018 06:25:06 GMT" time="0.015" errors="0">
  <testcase name="runTest2" time="0.004" classname="com.example.demo.TestConfiguration"/>
  <testcase name="runTest1" time="0.011" classname="com.example.demo.TestConfiguration"/>
</testsuite> <!-- com.example.demo.TestConfiguration -->
