<?xml version="1.0" encoding="UTF-8"?>
<!-- Generated by org.testng.reporters.JUnitReportReporter -->
<testsuite hostname="DESKTOP-GA7M1FM" name="com.example.demo.TestCheckedException" tests="2" failures="0" timestamp="6 Jun 2018 06:44:35 GMT" time="0.021" errors="0">
  <testcase name="throwIfOrderIsNotExists" time="0.005" classname="com.example.demo.TestCheckedException"/>
  <testcase name="throwIfOrderIsNull" time="0.016" classname="com.example.demo.TestCheckedException"/>
</testsuite> <!-- com.example.demo.TestCheckedException -->
