<?xml version="1.0" encoding="UTF-8"?>
<!-- Generated by org.testng.reporters.JUnitReportReporter -->
<testsuite hostname="DESKTOP-GA7M1FM" name="com.example.demo.TestHelloWorld" tests="1" failures="0" timestamp="6 Jun 2018 05:52:55 GMT" time="0.013" errors="0">
  <testcase name="testEmailGenerator" time="0.013" classname="com.example.demo.TestHelloWorld"/>
</testsuite> <!-- com.example.demo.TestHelloWorld -->
