<?xml version="1.0" encoding="UTF-8"?>
<!-- Generated by org.testng.reporters.JUnitReportReporter -->
<testsuite hostname="DESKTOP-GA7M1FM" name="com.example.demo.TestIgnore" tests="3" failures="0" timestamp="6 Jun 2018 06:50:26 GMT" time="0.031" errors="0">
  <testcase name="test2" time="0.003" classname="com.example.demo.TestIgnore"/>
  <testcase name="test3" time="0.005" classname="com.example.demo.TestIgnore"/>
  <testcase name="test1" time="0.023" classname="com.example.demo.TestIgnore"/>
</testsuite> <!-- com.example.demo.TestIgnore -->
